<?xml version="1.0" encoding="UTF-8"?>
<!-- Generated by org.testng.reporters.JUnitReportReporter -->
<testsuite hostname="Aravindh-PC" failures="0" tests="1" name="DownloadFilechrome.Downloadfilechrome" time="19.245" errors="0" timestamp="01 May 2019 15:08:38 GMT" skipped="0">
  <testcase classname="DownloadFilechrome.Downloadfilechrome" name="downloadfiletest" time="19.245"/>
</testsuite> <!-- DownloadFilechrome.Downloadfilechrome -->
